[
  {
    "line": 1,
    "elements": [
      {
        "line": 3,
        "name": "test all tabs on home page",
        "description": "",
        "id": "testing-cucumber-with-selenium;test-all-tabs-on-home-page",
        "type": "scenario",
        "keyword": "Scenario",
        "steps": [
          {
            "result": {
              "duration": 9980972400,
              "status": "passed"
            },
            "line": 4,
            "name": "User Opens seleniumhq website",
            "match": {
              "location": "FirstSeleniumScriptSD.User_Opens_seleniumhq_website11()"
            },
            "keyword": "Given "
          },
          {
            "result": {
              "duration": 243182000,
              "error_message": "org.openqa.selenium.InvalidSelectorException: invalid selector: Unable to locate an element with the xpath expression  because of the following error:\nSyntaxError: Failed to execute \u0027evaluate\u0027 on \u0027Document\u0027: The string \u0027\u0027 is not a valid XPath expression.\n  (Session info: chrome\u003d84.0.4147.89)\n  (Driver info: chromedriver\u003d2.39.562718 (9a2698cba08cf5a471a29d30c8b3e12becabb0e9),platform\u003dWindows NT 10.0.18362 x86_64) (WARNING: The server did not provide any stacktrace information)\nCommand duration or timeout: 0 milliseconds\nFor documentation on this error, please visit: http://seleniumhq.org/exceptions/invalid_selector_exception.html\nBuild info: version: \u00273.5.2\u0027, revision: \u002710229a9\u0027, time: \u00272017-08-21T17:29:55.15Z\u0027\nSystem info: host: \u0027DESKTOP-EKBA8NT\u0027, ip: \u0027192.168.0.105\u0027, os.name: \u0027Windows 10\u0027, os.arch: \u0027amd64\u0027, os.version: \u002710.0\u0027, java.version: \u00271.8.0_91\u0027\nDriver info: org.openqa.selenium.chrome.ChromeDriver\nCapabilities [{mobileEmulationEnabled\u003dfalse, hasTouchScreen\u003dfalse, platform\u003dXP, acceptSslCerts\u003dfalse, acceptInsecureCerts\u003dfalse, webStorageEnabled\u003dtrue, browserName\u003dchrome, takesScreenshot\u003dtrue, javascriptEnabled\u003dtrue, setWindowRect\u003dtrue, unexpectedAlertBehaviour\u003d, applicationCacheEnabled\u003dfalse, rotatable\u003dfalse, networkConnectionEnabled\u003dfalse, chrome\u003d{chromedriverVersion\u003d2.39.562718 (9a2698cba08cf5a471a29d30c8b3e12becabb0e9), userDataDir\u003dC:\\Users\\admin\\AppData\\Local\\Temp\\scoped_dir16272_8111}, takesHeapSnapshot\u003dtrue, pageLoadStrategy\u003dnormal, unhandledPromptBehavior\u003d, databaseEnabled\u003dfalse, handlesAlerts\u003dtrue, version\u003d84.0.4147.89, browserConnectionEnabled\u003dfalse, nativeEvents\u003dtrue, locationContextEnabled\u003dtrue, cssSelectorsEnabled\u003dtrue}]\nSession ID: 9666f53b2c7ed5910d298396fb98f681\n*** Element info: {Using\u003dxpath, value\u003d}\r\n\tat sun.reflect.NativeConstructorAccessorImpl.newInstance0(Native Method)\r\n\tat sun.reflect.NativeConstructorAccessorImpl.newInstance(Unknown Source)\r\n\tat sun.reflect.DelegatingConstructorAccessorImpl.newInstance(Unknown Source)\r\n\tat java.lang.reflect.Constructor.newInstance(Unknown Source)\r\n\tat org.openqa.selenium.remote.ErrorHandler.createThrowable(ErrorHandler.java:215)\r\n\tat org.openqa.selenium.remote.ErrorHandler.throwIfResponseFailed(ErrorHandler.java:167)\r\n\tat org.openqa.selenium.remote.http.JsonHttpResponseCodec.reconstructValue(JsonHttpResponseCodec.java:40)\r\n\tat org.openqa.selenium.remote.http.AbstractHttpResponseCodec.decode(AbstractHttpResponseCodec.java:82)\r\n\tat org.openqa.selenium.remote.http.AbstractHttpResponseCodec.decode(AbstractHttpResponseCodec.java:45)\r\n\tat org.openqa.selenium.remote.HttpCommandExecutor.execute(HttpCommandExecutor.java:164)\r\n\tat org.openqa.selenium.remote.service.DriverCommandExecutor.execute(DriverCommandExecutor.java:82)\r\n\tat org.openqa.selenium.remote.RemoteWebDriver.execute(RemoteWebDriver.java:641)\r\n\tat org.openqa.selenium.remote.RemoteWebDriver.findElement(RemoteWebDriver.java:414)\r\n\tat org.openqa.selenium.remote.RemoteWebDriver.findElementByXPath(RemoteWebDriver.java:513)\r\n\tat org.openqa.selenium.By$ByXPath.findElement(By.java:361)\r\n\tat org.openqa.selenium.remote.RemoteWebDriver.findElement(RemoteWebDriver.java:406)\r\n\tat com.basic.MyFirstSelenium.FirstSeleniumScriptSD.user_click_on_Project_tab(FirstSeleniumScriptSD.java:26)\r\n\tat ✽.When user click on \"Project\" tab(src/test/resources/com/basic/MyFirstSelenium/FirstSeleniumScriptFF.feature:5)\r\n",
              "status": "failed"
            },
            "line": 5,
            "name": "user click on \"Project\" tab",
            "match": {
              "arguments": [
                {
                  "val": "Project",
                  "offset": 15
                }
              ],
              "location": "FirstSeleniumScriptSD.user_click_on_Project_tab(String)"
            },
            "keyword": "When "
          },
          {
            "result": {
              "status": "skipped"
            },
            "line": 6,
            "name": "user checks About tab",
            "match": {
              "location": "FirstSeleniumScriptSD.user_checks_About_tab()"
            },
            "keyword": "Then "
          }
        ]
      },
      {
        "line": 8,
        "name": "test all tabs on home page22",
        "description": "",
        "id": "testing-cucumber-with-selenium;test-all-tabs-on-home-page22",
        "type": "scenario",
        "keyword": "Scenario",
        "steps": [
          {
            "result": {
              "duration": 72725110500,
              "status": "passed"
            },
            "line": 9,
            "name": "User Opens seleniumhq website",
            "match": {
              "location": "FirstSeleniumScriptSD.User_Opens_seleniumhq_website11()"
            },
            "keyword": "Given "
          },
          {
            "result": {
              "duration": 48683800,
              "error_message": "org.openqa.selenium.InvalidSelectorException: invalid selector: Unable to locate an element with the xpath expression  because of the following error:\nSyntaxError: Failed to execute \u0027evaluate\u0027 on \u0027Document\u0027: The string \u0027\u0027 is not a valid XPath expression.\n  (Session info: chrome\u003d84.0.4147.89)\n  (Driver info: chromedriver\u003d2.39.562718 (9a2698cba08cf5a471a29d30c8b3e12becabb0e9),platform\u003dWindows NT 10.0.18362 x86_64) (WARNING: The server did not provide any stacktrace information)\nCommand duration or timeout: 0 milliseconds\nFor documentation on this error, please visit: http://seleniumhq.org/exceptions/invalid_selector_exception.html\nBuild info: version: \u00273.5.2\u0027, revision: \u002710229a9\u0027, time: \u00272017-08-21T17:29:55.15Z\u0027\nSystem info: host: \u0027DESKTOP-EKBA8NT\u0027, ip: \u0027192.168.0.105\u0027, os.name: \u0027Windows 10\u0027, os.arch: \u0027amd64\u0027, os.version: \u002710.0\u0027, java.version: \u00271.8.0_91\u0027\nDriver info: org.openqa.selenium.chrome.ChromeDriver\nCapabilities [{mobileEmulationEnabled\u003dfalse, hasTouchScreen\u003dfalse, platform\u003dXP, acceptSslCerts\u003dfalse, acceptInsecureCerts\u003dfalse, webStorageEnabled\u003dtrue, browserName\u003dchrome, takesScreenshot\u003dtrue, javascriptEnabled\u003dtrue, setWindowRect\u003dtrue, unexpectedAlertBehaviour\u003d, applicationCacheEnabled\u003dfalse, rotatable\u003dfalse, networkConnectionEnabled\u003dfalse, chrome\u003d{chromedriverVersion\u003d2.39.562718 (9a2698cba08cf5a471a29d30c8b3e12becabb0e9), userDataDir\u003dC:\\Users\\admin\\AppData\\Local\\Temp\\scoped_dir3996_31936}, takesHeapSnapshot\u003dtrue, pageLoadStrategy\u003dnormal, unhandledPromptBehavior\u003d, databaseEnabled\u003dfalse, handlesAlerts\u003dtrue, version\u003d84.0.4147.89, browserConnectionEnabled\u003dfalse, nativeEvents\u003dtrue, locationContextEnabled\u003dtrue, cssSelectorsEnabled\u003dtrue}]\nSession ID: 04b383608c40e25e20caf68f16a46417\n*** Element info: {Using\u003dxpath, value\u003d}\r\n\tat sun.reflect.NativeConstructorAccessorImpl.newInstance0(Native Method)\r\n\tat sun.reflect.NativeConstructorAccessorImpl.newInstance(Unknown Source)\r\n\tat sun.reflect.DelegatingConstructorAccessorImpl.newInstance(Unknown Source)\r\n\tat java.lang.reflect.Constructor.newInstance(Unknown Source)\r\n\tat org.openqa.selenium.remote.ErrorHandler.createThrowable(ErrorHandler.java:215)\r\n\tat org.openqa.selenium.remote.ErrorHandler.throwIfResponseFailed(ErrorHandler.java:167)\r\n\tat org.openqa.selenium.remote.http.JsonHttpResponseCodec.reconstructValue(JsonHttpResponseCodec.java:40)\r\n\tat org.openqa.selenium.remote.http.AbstractHttpResponseCodec.decode(AbstractHttpResponseCodec.java:82)\r\n\tat org.openqa.selenium.remote.http.AbstractHttpResponseCodec.decode(AbstractHttpResponseCodec.java:45)\r\n\tat org.openqa.selenium.remote.HttpCommandExecutor.execute(HttpCommandExecutor.java:164)\r\n\tat org.openqa.selenium.remote.service.DriverCommandExecutor.execute(DriverCommandExecutor.java:82)\r\n\tat org.openqa.selenium.remote.RemoteWebDriver.execute(RemoteWebDriver.java:641)\r\n\tat org.openqa.selenium.remote.RemoteWebDriver.findElement(RemoteWebDriver.java:414)\r\n\tat org.openqa.selenium.remote.RemoteWebDriver.findElementByXPath(RemoteWebDriver.java:513)\r\n\tat org.openqa.selenium.By$ByXPath.findElement(By.java:361)\r\n\tat org.openqa.selenium.remote.RemoteWebDriver.findElement(RemoteWebDriver.java:406)\r\n\tat com.basic.MyFirstSelenium.FirstSeleniumScriptSD.user_click_on_Project_tab(FirstSeleniumScriptSD.java:26)\r\n\tat ✽.When user click on \"Documenation\" tab(src/test/resources/com/basic/MyFirstSelenium/FirstSeleniumScriptFF.feature:10)\r\n",
              "status": "failed"
            },
            "line": 10,
            "name": "user click on \"Documenation\" tab",
            "match": {
              "arguments": [
                {
                  "val": "Documenation",
                  "offset": 15
                }
              ],
              "location": "FirstSeleniumScriptSD.user_click_on_Project_tab(String)"
            },
            "keyword": "When "
          },
          {
            "result": {
              "status": "skipped"
            },
            "line": 11,
            "name": "user checks About tab",
            "match": {
              "location": "FirstSeleniumScriptSD.user_checks_About_tab()"
            },
            "keyword": "Then "
          }
        ]
      }
    ],
    "name": "Testing cucumber with selenium",
    "description": "",
    "id": "testing-cucumber-with-selenium",
    "keyword": "Feature",
    "uri": "src/test/resources/com/basic/MyFirstSelenium/FirstSeleniumScriptFF.feature"
  },
  {
    "line": 1,
    "elements": [
      {
        "line": 3,
        "name": "test all tabs on home page33",
        "description": "",
        "id": "testing-cucumber-with-selenium;test-all-tabs-on-home-page33",
        "type": "scenario",
        "keyword": "Scenario",
        "steps": [
          {
            "result": {
              "duration": 7531505300,
              "status": "passed"
            },
            "line": 4,
            "name": "User Opens seleniumhq website",
            "match": {
              "location": "FirstSeleniumScriptSD.User_Opens_seleniumhq_website11()"
            },
            "keyword": "Given "
          },
          {
            "result": {
              "status": "undefined"
            },
            "line": 5,
            "name": "user click on Project tab",
            "match": {},
            "keyword": "When "
          },
          {
            "result": {
              "status": "skipped"
            },
            "line": 6,
            "name": "user checks About tab",
            "match": {
              "location": "FirstSeleniumScriptSD.user_checks_About_tab()"
            },
            "keyword": "Then "
          }
        ]
      },
      {
        "line": 8,
        "name": "test all tabs on home page44",
        "description": "",
        "id": "testing-cucumber-with-selenium;test-all-tabs-on-home-page44",
        "type": "scenario",
        "keyword": "Scenario",
        "steps": [
          {
            "result": {
              "duration": 7177453800,
              "status": "passed"
            },
            "line": 9,
            "name": "User Opens seleniumhq website",
            "match": {
              "location": "FirstSeleniumScriptSD.User_Opens_seleniumhq_website11()"
            },
            "keyword": "Given "
          },
          {
            "result": {
              "status": "undefined"
            },
            "line": 10,
            "name": "user click on Project tab",
            "match": {},
            "keyword": "When "
          },
          {
            "result": {
              "status": "skipped"
            },
            "line": 11,
            "name": "user checks About tab",
            "match": {
              "location": "FirstSeleniumScriptSD.user_checks_About_tab()"
            },
            "keyword": "Then "
          }
        ]
      },
      {
        "line": 13,
        "name": "test all tabs on home page44",
        "description": "",
        "id": "testing-cucumber-with-selenium;test-all-tabs-on-home-page44",
        "type": "scenario",
        "keyword": "Scenario",
        "steps": [
          {
            "result": {
              "duration": 7502825000,
              "status": "passed"
            },
            "line": 14,
            "name": "User Opens seleniumhq website",
            "match": {
              "location": "FirstSeleniumScriptSD.User_Opens_seleniumhq_website11()"
            },
            "keyword": "Given "
          },
          {
            "result": {
              "status": "undefined"
            },
            "line": 15,
            "name": "user enter following parameters",
            "match": {},
            "rows": [
              {
                "cells": [
                  "firstNmae",
                  "Anil",
                  "fkjdsakjf"
                ],
                "line": 16
              },
              {
                "cells": [
                  "lastName",
                  "Kale"
                ],
                "line": 17
              },
              {
                "cells": [
                  "Bank Name",
                  "HDFC"
                ],
                "line": 18
              }
            ],
            "keyword": "When "
          },
          {
            "result": {
              "status": "undefined"
            },
            "line": 19,
            "name": "user click on submit button.",
            "match": {},
            "keyword": "When "
          },
          {
            "result": {
              "status": "undefined"
            },
            "line": 20,
            "name": "he checks address on profile page",
            "match": {},
            "keyword": "Then "
          }
        ]
      }
    ],
    "name": "Testing cucumber with selenium",
    "description": "",
    "id": "testing-cucumber-with-selenium",
    "keyword": "Feature",
    "uri": "src/test/resources/com/basic/MyFirstSelenium/FirstSeleniumScriptFF2.feature"
  }
]